[bwa_aln] 17bp reads: max_diff = 2
[bwa_aln] 22bp reads: max_diff = 3
[bwa_aln] 42bp reads: max_diff = 4
[bwa_aln] 64bp reads: max_diff = 5
[bwa_aln] 90bp reads: max_diff = 6
[bwa_aln] 117bp reads: max_diff = 7
[bwa_aln] 146bp reads: max_diff = 8
[bwa_aln] 176bp reads: max_diff = 9
[bwa_aln] 207bp reads: max_diff = 10
[bwa_aln] 239bp reads: max_diff = 11
[bwa_aln_core] calculate SA coordinate... 13.36 sec
[bwa_aln_core] write to the disk... 0.03 sec
[bwa_aln_core] 262144 sequences have been processed.
[bwa_aln_core] calculate SA coordinate... 14.16 sec
[bwa_aln_core] write to the disk... 0.03 sec
[bwa_aln_core] 524288 sequences have been processed.
[bwa_aln_core] calculate SA coordinate... 14.76 sec
[bwa_aln_core] write to the disk... 0.03 sec
[bwa_aln_core] 786432 sequences have been processed.
[bwa_aln_core] calculate SA coordinate... 14.33 sec
[bwa_aln_core] write to the disk... 0.03 sec
[bwa_aln_core] 1048576 sequences have been processed.
[bwa_aln_core] calculate SA coordinate... 14.82 sec
[bwa_aln_core] write to the disk... 0.03 sec
[bwa_aln_core] 1310720 sequences have been processed.
[bwa_aln_core] calculate SA coordinate... 15.67 sec
[bwa_aln_core] write to the disk... 0.03 sec
[bwa_aln_core] 1572864 sequences have been processed.
[bwa_aln_core] calculate SA coordinate... 14.73 sec
[bwa_aln_core] write to the disk... 0.03 sec
[bwa_aln_core] 1835008 sequences have been processed.
[bwa_aln_core] calculate SA coordinate... 14.97 sec
[bwa_aln_core] write to the disk... 0.03 sec
[bwa_aln_core] 2097152 sequences have been processed.
[bwa_aln_core] calculate SA coordinate... 14.48 sec
[bwa_aln_core] write to the disk... 0.03 sec
[bwa_aln_core] 2359296 sequences have been processed.
[bwa_aln_core] calculate SA coordinate... 14.67 sec
[bwa_aln_core] write to the disk... 0.03 sec
[bwa_aln_core] 2621440 sequences have been processed.
[bwa_aln_core] calculate SA coordinate... 14.08 sec
[bwa_aln_core] write to the disk... 0.03 sec
[bwa_aln_core] 2883584 sequences have been processed.
[bwa_aln_core] calculate SA coordinate... 13.83 sec
[bwa_aln_core] write to the disk... 0.03 sec
[bwa_aln_core] 3145728 sequences have been processed.
[bwa_aln_core] calculate SA coordinate... 14.19 sec
[bwa_aln_core] write to the disk... 0.03 sec
[bwa_aln_core] 3407872 sequences have been processed.
[bwa_aln_core] calculate SA coordinate... 14.82 sec
[bwa_aln_core] write to the disk... 0.03 sec
[bwa_aln_core] 3670016 sequences have been processed.
[bwa_aln_core] calculate SA coordinate... 14.26 sec
[bwa_aln_core] write to the disk... 0.03 sec
[bwa_aln_core] 3932160 sequences have been processed.
[bwa_aln_core] calculate SA coordinate... 12.76 sec
[bwa_aln_core] write to the disk... 0.03 sec
[bwa_aln_core] 4194304 sequences have been processed.
[bwa_aln_core] calculate SA coordinate... 13.38 sec
[bwa_aln_core] write to the disk... 0.03 sec
[bwa_aln_core] 4456448 sequences have been processed.
[bwa_aln_core] calculate SA coordinate... 12.65 sec
[bwa_aln_core] write to the disk... 0.03 sec
[bwa_aln_core] 4718592 sequences have been processed.
[bwa_aln_core] calculate SA coordinate... 14.11 sec
[bwa_aln_core] write to the disk... 0.03 sec
[bwa_aln_core] 4975726 sequences have been processed.
[main] Version: 0.7.19-r1273
[main] CMD: /usr/local/bin/bwa aln -l 1024 -n 0.01 -t 4 /arf/scratch/egitimg14u1/S_mutans_Analizi/S_mutans_project/data/reference/GCF_000007465.2_ASM746v2_genomic.fna /arf/scratch/egitimg14u1/S_mutans_Analizi/S_mutans_project/data/RISE349.fastq.gz
[main] Real time: 77.306 sec; CPU: 278.486 sec
[bwa_aln_core] convert to sequence coordinate... 0.02 sec
[bwa_aln_core] refine gapped alignments... 0.02 sec
[bwa_aln_core] print alignments... 0.11 sec
[bwa_aln_core] 262144 sequences have been processed.
[bwa_aln_core] convert to sequence coordinate... 0.02 sec
[bwa_aln_core] refine gapped alignments... 0.02 sec
[bwa_aln_core] print alignments... 0.11 sec
[bwa_aln_core] 524288 sequences have been processed.
[bwa_aln_core] convert to sequence coordinate... 0.01 sec
[bwa_aln_core] refine gapped alignments... 0.02 sec
[bwa_aln_core] print alignments... 0.11 sec
[bwa_aln_core] 786432 sequences have been processed.
[bwa_aln_core] convert to sequence coordinate... 0.01 sec
[bwa_aln_core] refine gapped alignments... 0.02 sec
[bwa_aln_core] print alignments... 0.11 sec
[bwa_aln_core] 1048576 sequences have been processed.
[bwa_aln_core] convert to sequence coordinate... 0.02 sec
[bwa_aln_core] refine gapped alignments... 0.02 sec
[bwa_aln_core] print alignments... 0.11 sec
[bwa_aln_core] 1310720 sequences have been processed.
[bwa_aln_core] convert to sequence coordinate... 0.01 sec
[bwa_aln_core] refine gapped alignments... 0.02 sec
[bwa_aln_core] print alignments... 0.11 sec
[bwa_aln_core] 1572864 sequences have been processed.
[bwa_aln_core] convert to sequence coordinate... 0.01 sec
[bwa_aln_core] refine gapped alignments... 0.02 sec
[bwa_aln_core] print alignments... 0.11 sec
[bwa_aln_core] 1835008 sequences have been processed.
[bwa_aln_core] convert to sequence coordinate... 0.01 sec
[bwa_aln_core] refine gapped alignments... 0.02 sec
[bwa_aln_core] print alignments... 0.11 sec
[bwa_aln_core] 2097152 sequences have been processed.
[bwa_aln_core] convert to sequence coordinate... 0.01 sec
[bwa_aln_core] refine gapped alignments... 0.02 sec
[bwa_aln_core] print alignments... 0.11 sec
[bwa_aln_core] 2359296 sequences have been processed.
[bwa_aln_core] convert to sequence coordinate... 0.01 sec
[bwa_aln_core] refine gapped alignments... 0.02 sec
[bwa_aln_core] print alignments... 0.11 sec
[bwa_aln_core] 2621440 sequences have been processed.
[bwa_aln_core] convert to sequence coordinate... 0.01 sec
[bwa_aln_core] refine gapped alignments... 0.02 sec
[bwa_aln_core] print alignments... 0.11 sec
[bwa_aln_core] 2883584 sequences have been processed.
[bwa_aln_core] convert to sequence coordinate... 0.01 sec
[bwa_aln_core] refine gapped alignments... 0.02 sec
[bwa_aln_core] print alignments... 0.11 sec
[bwa_aln_core] 3145728 sequences have been processed.
[bwa_aln_core] convert to sequence coordinate... 0.01 sec
[bwa_aln_core] refine gapped alignments... 0.02 sec
[bwa_aln_core] print alignments... 0.11 sec
[bwa_aln_core] 3407872 sequences have been processed.
[bwa_aln_core] convert to sequence coordinate... 0.01 sec
[bwa_aln_core] refine gapped alignments... 0.02 sec
[bwa_aln_core] print alignments... 0.11 sec
[bwa_aln_core] 3670016 sequences have been processed.
[bwa_aln_core] convert to sequence coordinate... 0.01 sec
[bwa_aln_core] refine gapped alignments... 0.02 sec
[bwa_aln_core] print alignments... 0.11 sec
[bwa_aln_core] 3932160 sequences have been processed.
[bwa_aln_core] convert to sequence coordinate... 0.01 sec
[bwa_aln_core] refine gapped alignments... 0.02 sec
[bwa_aln_core] print alignments... 0.11 sec
[bwa_aln_core] 4194304 sequences have been processed.
[bwa_aln_core] convert to sequence coordinate... 0.01 sec
[bwa_aln_core] refine gapped alignments... 0.02 sec
[bwa_aln_core] print alignments... 0.11 sec
[bwa_aln_core] 4456448 sequences have been processed.
[bwa_aln_core] convert to sequence coordinate... 0.01 sec
[bwa_aln_core] refine gapped alignments... 0.02 sec
[bwa_aln_core] print alignments... 0.11 sec
[bwa_aln_core] 4718592 sequences have been processed.
[bwa_aln_core] convert to sequence coordinate... 0.01 sec
[bwa_aln_core] refine gapped alignments... 0.02 sec
[bwa_aln_core] print alignments... 0.11 sec
[bwa_aln_core] 4975726 sequences have been processed.
[main] Version: 0.7.19-r1273
[main] CMD: /usr/local/bin/bwa samse /arf/scratch/egitimg14u1/S_mutans_Analizi/S_mutans_project/data/reference/GCF_000007465.2_ASM746v2_genomic.fna /arf/scratch/egitimg14u1/S_mutans_Analizi/S_mutans_project/results/alignment/RISE349.sai /arf/scratch/egitimg14u1/S_mutans_Analizi/S_mutans_project/data/RISE349.fastq.gz
[main] Real time: 9.148 sec; CPU: 9.144 sec
[bam_rmdup_core] processing reference NC_004350.2...
