[bwa_aln] 17bp reads: max_diff = 2
[bwa_aln] 22bp reads: max_diff = 3
[bwa_aln] 42bp reads: max_diff = 4
[bwa_aln] 64bp reads: max_diff = 5
[bwa_aln] 90bp reads: max_diff = 6
[bwa_aln] 117bp reads: max_diff = 7
[bwa_aln] 146bp reads: max_diff = 8
[bwa_aln] 176bp reads: max_diff = 9
[bwa_aln] 207bp reads: max_diff = 10
[bwa_aln] 239bp reads: max_diff = 11
[bwa_aln_core] calculate SA coordinate... 8.52 sec
[bwa_aln_core] write to the disk... 0.02 sec
[bwa_aln_core] 262144 sequences have been processed.
[bwa_aln_core] calculate SA coordinate... 10.41 sec
[bwa_aln_core] write to the disk... 0.02 sec
[bwa_aln_core] 524288 sequences have been processed.
[bwa_aln_core] calculate SA coordinate... 11.47 sec
[bwa_aln_core] write to the disk... 0.04 sec
[bwa_aln_core] 786432 sequences have been processed.
[bwa_aln_core] calculate SA coordinate... 10.17 sec
[bwa_aln_core] write to the disk... 0.04 sec
[bwa_aln_core] 1048576 sequences have been processed.
[bwa_aln_core] calculate SA coordinate... 11.36 sec
[bwa_aln_core] write to the disk... 0.04 sec
[bwa_aln_core] 1310720 sequences have been processed.
[bwa_aln_core] calculate SA coordinate... 10.47 sec
[bwa_aln_core] write to the disk... 0.04 sec
[bwa_aln_core] 1572864 sequences have been processed.
[bwa_aln_core] calculate SA coordinate... 10.69 sec
[bwa_aln_core] write to the disk... 0.03 sec
[bwa_aln_core] 1835008 sequences have been processed.
[bwa_aln_core] calculate SA coordinate... 10.89 sec
[bwa_aln_core] write to the disk... 0.03 sec
[bwa_aln_core] 2097152 sequences have been processed.
[bwa_aln_core] calculate SA coordinate... 10.79 sec
[bwa_aln_core] write to the disk... 0.03 sec
[bwa_aln_core] 2359296 sequences have been processed.
[bwa_aln_core] calculate SA coordinate... 10.67 sec
[bwa_aln_core] write to the disk... 0.04 sec
[bwa_aln_core] 2621440 sequences have been processed.
[bwa_aln_core] calculate SA coordinate... 11.75 sec
[bwa_aln_core] write to the disk... 0.03 sec
[bwa_aln_core] 2883584 sequences have been processed.
[bwa_aln_core] calculate SA coordinate... 11.63 sec
[bwa_aln_core] write to the disk... 0.04 sec
[bwa_aln_core] 3145728 sequences have been processed.
[bwa_aln_core] calculate SA coordinate... 10.88 sec
[bwa_aln_core] write to the disk... 0.04 sec
[bwa_aln_core] 3407872 sequences have been processed.
[bwa_aln_core] calculate SA coordinate... 10.48 sec
[bwa_aln_core] write to the disk... 0.04 sec
[bwa_aln_core] 3670016 sequences have been processed.
[bwa_aln_core] calculate SA coordinate... 10.38 sec
[bwa_aln_core] write to the disk... 0.03 sec
[bwa_aln_core] 3932160 sequences have been processed.
[bwa_aln_core] calculate SA coordinate... 11.65 sec
[bwa_aln_core] write to the disk... 0.04 sec
[bwa_aln_core] 4194304 sequences have been processed.
[bwa_aln_core] calculate SA coordinate... 11.05 sec
[bwa_aln_core] write to the disk... 0.04 sec
[bwa_aln_core] 4456448 sequences have been processed.
[bwa_aln_core] calculate SA coordinate... 11.47 sec
[bwa_aln_core] write to the disk... 0.04 sec
[bwa_aln_core] 4718592 sequences have been processed.
[bwa_aln_core] calculate SA coordinate... 10.86 sec
[bwa_aln_core] write to the disk... 0.03 sec
[bwa_aln_core] 4980736 sequences have been processed.
[bwa_aln_core] calculate SA coordinate... 10.95 sec
[bwa_aln_core] write to the disk... 0.03 sec
[bwa_aln_core] 5242880 sequences have been processed.
[bwa_aln_core] calculate SA coordinate... 11.57 sec
[bwa_aln_core] write to the disk... 0.04 sec
[bwa_aln_core] 5505024 sequences have been processed.
[bwa_aln_core] calculate SA coordinate... 11.66 sec
[bwa_aln_core] write to the disk... 0.03 sec
[bwa_aln_core] 5767168 sequences have been processed.
[bwa_aln_core] calculate SA coordinate... 11.96 sec
[bwa_aln_core] write to the disk... 0.04 sec
[bwa_aln_core] 6029312 sequences have been processed.
[bwa_aln_core] calculate SA coordinate... 11.70 sec
[bwa_aln_core] write to the disk... 0.03 sec
[bwa_aln_core] 6291456 sequences have been processed.
[bwa_aln_core] calculate SA coordinate... 10.94 sec
[bwa_aln_core] write to the disk... 0.03 sec
[bwa_aln_core] 6553600 sequences have been processed.
[bwa_aln_core] calculate SA coordinate... 11.55 sec
[bwa_aln_core] write to the disk... 0.04 sec
[bwa_aln_core] 6815744 sequences have been processed.
[bwa_aln_core] calculate SA coordinate... 11.63 sec
[bwa_aln_core] write to the disk... 0.03 sec
[bwa_aln_core] 7077888 sequences have been processed.
[bwa_aln_core] calculate SA coordinate... 11.86 sec
[bwa_aln_core] write to the disk... 0.04 sec
[bwa_aln_core] 7340032 sequences have been processed.
[bwa_aln_core] calculate SA coordinate... 10.44 sec
[bwa_aln_core] write to the disk... 0.03 sec
[bwa_aln_core] 7602176 sequences have been processed.
[bwa_aln_core] calculate SA coordinate... 10.41 sec
[bwa_aln_core] write to the disk... 0.04 sec
[bwa_aln_core] 7864320 sequences have been processed.
[bwa_aln_core] calculate SA coordinate... 10.30 sec
[bwa_aln_core] write to the disk... 0.04 sec
[bwa_aln_core] 8126464 sequences have been processed.
[bwa_aln_core] calculate SA coordinate... 11.52 sec
[bwa_aln_core] write to the disk... 0.03 sec
[bwa_aln_core] 8388608 sequences have been processed.
[bwa_aln_core] calculate SA coordinate... 11.61 sec
[bwa_aln_core] write to the disk... 0.03 sec
[bwa_aln_core] 8650752 sequences have been processed.
[bwa_aln_core] calculate SA coordinate... 11.53 sec
[bwa_aln_core] write to the disk... 0.04 sec
[bwa_aln_core] 8912896 sequences have been processed.
[bwa_aln_core] calculate SA coordinate... 10.50 sec
[bwa_aln_core] write to the disk... 0.04 sec
[bwa_aln_core] 9175040 sequences have been processed.
[bwa_aln_core] calculate SA coordinate... 10.93 sec
[bwa_aln_core] write to the disk... 0.04 sec
[bwa_aln_core] 9437184 sequences have been processed.
[bwa_aln_core] calculate SA coordinate... 10.91 sec
[bwa_aln_core] write to the disk... 0.03 sec
[bwa_aln_core] 9699328 sequences have been processed.
[bwa_aln_core] calculate SA coordinate... 11.20 sec
[bwa_aln_core] write to the disk... 0.04 sec
[bwa_aln_core] 9961472 sequences have been processed.
[bwa_aln_core] calculate SA coordinate... 10.28 sec
[bwa_aln_core] write to the disk... 0.04 sec
[bwa_aln_core] 10223616 sequences have been processed.
[bwa_aln_core] calculate SA coordinate... 10.65 sec
[bwa_aln_core] write to the disk... 0.04 sec
[bwa_aln_core] 10485760 sequences have been processed.
[bwa_aln_core] calculate SA coordinate... 11.34 sec
[bwa_aln_core] write to the disk... 0.04 sec
[bwa_aln_core] 10747904 sequences have been processed.
[bwa_aln_core] calculate SA coordinate... 11.47 sec
[bwa_aln_core] write to the disk... 0.04 sec
[bwa_aln_core] 11010048 sequences have been processed.
[bwa_aln_core] calculate SA coordinate... 10.52 sec
[bwa_aln_core] write to the disk... 0.03 sec
[bwa_aln_core] 11272192 sequences have been processed.
[bwa_aln_core] calculate SA coordinate... 11.41 sec
[bwa_aln_core] write to the disk... 0.04 sec
[bwa_aln_core] 11534336 sequences have been processed.
[bwa_aln_core] calculate SA coordinate... 10.63 sec
[bwa_aln_core] write to the disk... 0.03 sec
[bwa_aln_core] 11796480 sequences have been processed.
[bwa_aln_core] calculate SA coordinate... 10.27 sec
[bwa_aln_core] write to the disk... 0.04 sec
[bwa_aln_core] 12058624 sequences have been processed.
[bwa_aln_core] calculate SA coordinate... 10.28 sec
[bwa_aln_core] write to the disk... 0.04 sec
[bwa_aln_core] 12320768 sequences have been processed.
[bwa_aln_core] calculate SA coordinate... 11.00 sec
[bwa_aln_core] write to the disk... 0.04 sec
[bwa_aln_core] 12582912 sequences have been processed.
[bwa_aln_core] calculate SA coordinate... 10.28 sec
[bwa_aln_core] write to the disk... 0.04 sec
[bwa_aln_core] 12845056 sequences have been processed.
[bwa_aln_core] calculate SA coordinate... 9.95 sec
[bwa_aln_core] write to the disk... 0.04 sec
[bwa_aln_core] 13107200 sequences have been processed.
[bwa_aln_core] calculate SA coordinate... 10.98 sec
[bwa_aln_core] write to the disk... 0.04 sec
[bwa_aln_core] 13369344 sequences have been processed.
[bwa_aln_core] calculate SA coordinate... 9.49 sec
[bwa_aln_core] write to the disk... 0.04 sec
[bwa_aln_core] 13631488 sequences have been processed.
[bwa_aln_core] calculate SA coordinate... 11.27 sec
[bwa_aln_core] write to the disk... 0.04 sec
[bwa_aln_core] 13893632 sequences have been processed.
[bwa_aln_core] calculate SA coordinate... 9.99 sec
[bwa_aln_core] write to the disk... 0.04 sec
[bwa_aln_core] 14155776 sequences have been processed.
[bwa_aln_core] calculate SA coordinate... 11.22 sec
[bwa_aln_core] write to the disk... 0.03 sec
[bwa_aln_core] 14417920 sequences have been processed.
[bwa_aln_core] calculate SA coordinate... 11.49 sec
[bwa_aln_core] write to the disk... 0.03 sec
[bwa_aln_core] 14680064 sequences have been processed.
[bwa_aln_core] calculate SA coordinate... 10.46 sec
[bwa_aln_core] write to the disk... 0.03 sec
[bwa_aln_core] 14942208 sequences have been processed.
[bwa_aln_core] calculate SA coordinate... 10.29 sec
[bwa_aln_core] write to the disk... 0.04 sec
[bwa_aln_core] 15204352 sequences have been processed.
[bwa_aln_core] calculate SA coordinate... 11.90 sec
[bwa_aln_core] write to the disk... 0.03 sec
[bwa_aln_core] 15466496 sequences have been processed.
[bwa_aln_core] calculate SA coordinate... 11.70 sec
[bwa_aln_core] write to the disk... 0.03 sec
[bwa_aln_core] 15728640 sequences have been processed.
[bwa_aln_core] calculate SA coordinate... 11.12 sec
[bwa_aln_core] write to the disk... 0.04 sec
[bwa_aln_core] 15990784 sequences have been processed.
[bwa_aln_core] calculate SA coordinate... 10.76 sec
[bwa_aln_core] write to the disk... 0.03 sec
[bwa_aln_core] 16252928 sequences have been processed.
[bwa_aln_core] calculate SA coordinate... 10.07 sec
[bwa_aln_core] write to the disk... 0.03 sec
[bwa_aln_core] 16515072 sequences have been processed.
[bwa_aln_core] calculate SA coordinate... 10.74 sec
[bwa_aln_core] write to the disk... 0.04 sec
[bwa_aln_core] 16777216 sequences have been processed.
[bwa_aln_core] calculate SA coordinate... 10.03 sec
[bwa_aln_core] write to the disk... 0.04 sec
[bwa_aln_core] 17039360 sequences have been processed.
[bwa_aln_core] calculate SA coordinate... 9.41 sec
[bwa_aln_core] write to the disk... 0.04 sec
[bwa_aln_core] 17301504 sequences have been processed.
[bwa_aln_core] calculate SA coordinate... 10.19 sec
[bwa_aln_core] write to the disk... 0.03 sec
[bwa_aln_core] 17563648 sequences have been processed.
[bwa_aln_core] calculate SA coordinate... 9.18 sec
[bwa_aln_core] write to the disk... 0.04 sec
[bwa_aln_core] 17825792 sequences have been processed.
[bwa_aln_core] calculate SA coordinate... 9.92 sec
[bwa_aln_core] write to the disk... 0.03 sec
[bwa_aln_core] 18087936 sequences have been processed.
[bwa_aln_core] calculate SA coordinate... 10.44 sec
[bwa_aln_core] write to the disk... 0.03 sec
[bwa_aln_core] 18350080 sequences have been processed.
[bwa_aln_core] calculate SA coordinate... 11.26 sec
[bwa_aln_core] write to the disk... 0.04 sec
[bwa_aln_core] 18612224 sequences have been processed.
[bwa_aln_core] calculate SA coordinate... 9.19 sec
[bwa_aln_core] write to the disk... 0.04 sec
[bwa_aln_core] 18874368 sequences have been processed.
[bwa_aln_core] calculate SA coordinate... 9.01 sec
[bwa_aln_core] write to the disk... 0.04 sec
[bwa_aln_core] 19136512 sequences have been processed.
[bwa_aln_core] calculate SA coordinate... 10.09 sec
[bwa_aln_core] write to the disk... 0.04 sec
[bwa_aln_core] 19398656 sequences have been processed.
[bwa_aln_core] calculate SA coordinate... 10.30 sec
[bwa_aln_core] write to the disk... 0.04 sec
[bwa_aln_core] 19660800 sequences have been processed.
[bwa_aln_core] calculate SA coordinate... 9.49 sec
[bwa_aln_core] write to the disk... 0.04 sec
[bwa_aln_core] 19922944 sequences have been processed.
[bwa_aln_core] calculate SA coordinate... 9.65 sec
[bwa_aln_core] write to the disk... 0.04 sec
[bwa_aln_core] 20185088 sequences have been processed.
[bwa_aln_core] calculate SA coordinate... 10.89 sec
[bwa_aln_core] write to the disk... 0.03 sec
[bwa_aln_core] 20447232 sequences have been processed.
[bwa_aln_core] calculate SA coordinate... 11.15 sec
[bwa_aln_core] write to the disk... 0.05 sec
[bwa_aln_core] 20709376 sequences have been processed.
[bwa_aln_core] calculate SA coordinate... 10.78 sec
[bwa_aln_core] write to the disk... 0.03 sec
[bwa_aln_core] 20971520 sequences have been processed.
[bwa_aln_core] calculate SA coordinate... 5.95 sec
[bwa_aln_core] write to the disk... 0.02 sec
[bwa_aln_core] 21129336 sequences have been processed.
[main] Version: 0.7.19-r1273
[main] CMD: /usr/local/bin/bwa aln -l 1024 -n 0.01 -t 4 /arf/scratch/egitimg14u1/S_mutans_Analizi/S_mutans_project/data/reference/GCF_000007465.2_ASM746v2_genomic.fna /arf/scratch/egitimg14u1/S_mutans_Analizi/S_mutans_project/data/DA112.fastq.gz
[main] Real time: 255.191 sec; CPU: 901.423 sec
[bwa_aln_core] convert to sequence coordinate... 0.02 sec
[bwa_aln_core] refine gapped alignments... 0.02 sec
[bwa_aln_core] print alignments... 0.12 sec
[bwa_aln_core] 262144 sequences have been processed.
[bwa_aln_core] convert to sequence coordinate... 0.02 sec
[bwa_aln_core] refine gapped alignments... 0.02 sec
[bwa_aln_core] print alignments... 0.12 sec
[bwa_aln_core] 524288 sequences have been processed.
[bwa_aln_core] convert to sequence coordinate... 0.01 sec
[bwa_aln_core] refine gapped alignments... 0.02 sec
[bwa_aln_core] print alignments... 0.12 sec
[bwa_aln_core] 786432 sequences have been processed.
[bwa_aln_core] convert to sequence coordinate... 0.02 sec
[bwa_aln_core] refine gapped alignments... 0.02 sec
[bwa_aln_core] print alignments... 0.12 sec
[bwa_aln_core] 1048576 sequences have been processed.
[bwa_aln_core] convert to sequence coordinate... 0.01 sec
[bwa_aln_core] refine gapped alignments... 0.02 sec
[bwa_aln_core] print alignments... 0.12 sec
[bwa_aln_core] 1310720 sequences have been processed.
[bwa_aln_core] convert to sequence coordinate... 0.02 sec
[bwa_aln_core] refine gapped alignments... 0.02 sec
[bwa_aln_core] print alignments... 0.12 sec
[bwa_aln_core] 1572864 sequences have been processed.
[bwa_aln_core] convert to sequence coordinate... 0.01 sec
[bwa_aln_core] refine gapped alignments... 0.02 sec
[bwa_aln_core] print alignments... 0.12 sec
[bwa_aln_core] 1835008 sequences have been processed.
[bwa_aln_core] convert to sequence coordinate... 0.02 sec
[bwa_aln_core] refine gapped alignments... 0.02 sec
[bwa_aln_core] print alignments... 0.12 sec
[bwa_aln_core] 2097152 sequences have been processed.
[bwa_aln_core] convert to sequence coordinate... 0.02 sec
[bwa_aln_core] refine gapped alignments... 0.02 sec
[bwa_aln_core] print alignments... 0.12 sec
[bwa_aln_core] 2359296 sequences have been processed.
[bwa_aln_core] convert to sequence coordinate... 0.02 sec
[bwa_aln_core] refine gapped alignments... 0.02 sec
[bwa_aln_core] print alignments... 0.12 sec
[bwa_aln_core] 2621440 sequences have been processed.
[bwa_aln_core] convert to sequence coordinate... 0.01 sec
[bwa_aln_core] refine gapped alignments... 0.02 sec
[bwa_aln_core] print alignments... 0.12 sec
[bwa_aln_core] 2883584 sequences have been processed.
[bwa_aln_core] convert to sequence coordinate... 0.02 sec
[bwa_aln_core] refine gapped alignments... 0.02 sec
[bwa_aln_core] print alignments... 0.12 sec
[bwa_aln_core] 3145728 sequences have been processed.
[bwa_aln_core] convert to sequence coordinate... 0.01 sec
[bwa_aln_core] refine gapped alignments... 0.02 sec
[bwa_aln_core] print alignments... 0.12 sec
[bwa_aln_core] 3407872 sequences have been processed.
[bwa_aln_core] convert to sequence coordinate... 0.01 sec
[bwa_aln_core] refine gapped alignments... 0.02 sec
[bwa_aln_core] print alignments... 0.12 sec
[bwa_aln_core] 3670016 sequences have been processed.
[bwa_aln_core] convert to sequence coordinate... 0.01 sec
[bwa_aln_core] refine gapped alignments... 0.02 sec
[bwa_aln_core] print alignments... 0.12 sec
[bwa_aln_core] 3932160 sequences have been processed.
[bwa_aln_core] convert to sequence coordinate... 0.01 sec
[bwa_aln_core] refine gapped alignments... 0.02 sec
[bwa_aln_core] print alignments... 0.12 sec
[bwa_aln_core] 4194304 sequences have been processed.
[bwa_aln_core] convert to sequence coordinate... 0.01 sec
[bwa_aln_core] refine gapped alignments... 0.02 sec
[bwa_aln_core] print alignments... 0.12 sec
[bwa_aln_core] 4456448 sequences have been processed.
[bwa_aln_core] convert to sequence coordinate... 0.01 sec
[bwa_aln_core] refine gapped alignments... 0.02 sec
[bwa_aln_core] print alignments... 0.12 sec
[bwa_aln_core] 4718592 sequences have been processed.
[bwa_aln_core] convert to sequence coordinate... 0.01 sec
[bwa_aln_core] refine gapped alignments... 0.02 sec
[bwa_aln_core] print alignments... 0.12 sec
[bwa_aln_core] 4980736 sequences have been processed.
[bwa_aln_core] convert to sequence coordinate... 0.01 sec
[bwa_aln_core] refine gapped alignments... 0.02 sec
[bwa_aln_core] print alignments... 0.12 sec
[bwa_aln_core] 5242880 sequences have been processed.
[bwa_aln_core] convert to sequence coordinate... 0.01 sec
[bwa_aln_core] refine gapped alignments... 0.02 sec
[bwa_aln_core] print alignments... 0.12 sec
[bwa_aln_core] 5505024 sequences have been processed.
[bwa_aln_core] convert to sequence coordinate... 0.01 sec
[bwa_aln_core] refine gapped alignments... 0.02 sec
[bwa_aln_core] print alignments... 0.12 sec
[bwa_aln_core] 5767168 sequences have been processed.
[bwa_aln_core] convert to sequence coordinate... 0.01 sec
[bwa_aln_core] refine gapped alignments... 0.02 sec
[bwa_aln_core] print alignments... 0.12 sec
[bwa_aln_core] 6029312 sequences have been processed.
[bwa_aln_core] convert to sequence coordinate... 0.01 sec
[bwa_aln_core] refine gapped alignments... 0.02 sec
[bwa_aln_core] print alignments... 0.12 sec
[bwa_aln_core] 6291456 sequences have been processed.
[bwa_aln_core] convert to sequence coordinate... 0.01 sec
[bwa_aln_core] refine gapped alignments... 0.02 sec
[bwa_aln_core] print alignments... 0.12 sec
[bwa_aln_core] 6553600 sequences have been processed.
[bwa_aln_core] convert to sequence coordinate... 0.01 sec
[bwa_aln_core] refine gapped alignments... 0.02 sec
[bwa_aln_core] print alignments... 0.12 sec
[bwa_aln_core] 6815744 sequences have been processed.
[bwa_aln_core] convert to sequence coordinate... 0.01 sec
[bwa_aln_core] refine gapped alignments... 0.02 sec
[bwa_aln_core] print alignments... 0.12 sec
[bwa_aln_core] 7077888 sequences have been processed.
[bwa_aln_core] convert to sequence coordinate... 0.01 sec
[bwa_aln_core] refine gapped alignments... 0.02 sec
[bwa_aln_core] print alignments... 0.12 sec
[bwa_aln_core] 7340032 sequences have been processed.
[bwa_aln_core] convert to sequence coordinate... 0.01 sec
[bwa_aln_core] refine gapped alignments... 0.02 sec
[bwa_aln_core] print alignments... 0.12 sec
[bwa_aln_core] 7602176 sequences have been processed.
[bwa_aln_core] convert to sequence coordinate... 0.01 sec
[bwa_aln_core] refine gapped alignments... 0.02 sec
[bwa_aln_core] print alignments... 0.12 sec
[bwa_aln_core] 7864320 sequences have been processed.
[bwa_aln_core] convert to sequence coordinate... 0.01 sec
[bwa_aln_core] refine gapped alignments... 0.02 sec
[bwa_aln_core] print alignments... 0.12 sec
[bwa_aln_core] 8126464 sequences have been processed.
[bwa_aln_core] convert to sequence coordinate... 0.01 sec
[bwa_aln_core] refine gapped alignments... 0.02 sec
[bwa_aln_core] print alignments... 0.12 sec
[bwa_aln_core] 8388608 sequences have been processed.
[bwa_aln_core] convert to sequence coordinate... 0.02 sec
[bwa_aln_core] refine gapped alignments... 0.02 sec
[bwa_aln_core] print alignments... 0.12 sec
[bwa_aln_core] 8650752 sequences have been processed.
[bwa_aln_core] convert to sequence coordinate... 0.01 sec
[bwa_aln_core] refine gapped alignments... 0.02 sec
[bwa_aln_core] print alignments... 0.12 sec
[bwa_aln_core] 8912896 sequences have been processed.
[bwa_aln_core] convert to sequence coordinate... 0.01 sec
[bwa_aln_core] refine gapped alignments... 0.02 sec
[bwa_aln_core] print alignments... 0.12 sec
[bwa_aln_core] 9175040 sequences have been processed.
[bwa_aln_core] convert to sequence coordinate... 0.01 sec
[bwa_aln_core] refine gapped alignments... 0.02 sec
[bwa_aln_core] print alignments... 0.12 sec
[bwa_aln_core] 9437184 sequences have been processed.
[bwa_aln_core] convert to sequence coordinate... 0.01 sec
[bwa_aln_core] refine gapped alignments... 0.02 sec
[bwa_aln_core] print alignments... 0.12 sec
[bwa_aln_core] 9699328 sequences have been processed.
[bwa_aln_core] convert to sequence coordinate... 0.01 sec
[bwa_aln_core] refine gapped alignments... 0.02 sec
[bwa_aln_core] print alignments... 0.12 sec
[bwa_aln_core] 9961472 sequences have been processed.
[bwa_aln_core] convert to sequence coordinate... 0.01 sec
[bwa_aln_core] refine gapped alignments... 0.02 sec
[bwa_aln_core] print alignments... 0.12 sec
[bwa_aln_core] 10223616 sequences have been processed.
[bwa_aln_core] convert to sequence coordinate... 0.01 sec
[bwa_aln_core] refine gapped alignments... 0.02 sec
[bwa_aln_core] print alignments... 0.12 sec
[bwa_aln_core] 10485760 sequences have been processed.
[bwa_aln_core] convert to sequence coordinate... 0.01 sec
[bwa_aln_core] refine gapped alignments... 0.02 sec
[bwa_aln_core] print alignments... 0.12 sec
[bwa_aln_core] 10747904 sequences have been processed.
[bwa_aln_core] convert to sequence coordinate... 0.01 sec
[bwa_aln_core] refine gapped alignments... 0.02 sec
[bwa_aln_core] print alignments... 0.12 sec
[bwa_aln_core] 11010048 sequences have been processed.
[bwa_aln_core] convert to sequence coordinate... 0.01 sec
[bwa_aln_core] refine gapped alignments... 0.02 sec
[bwa_aln_core] print alignments... 0.12 sec
[bwa_aln_core] 11272192 sequences have been processed.
[bwa_aln_core] convert to sequence coordinate... 0.01 sec
[bwa_aln_core] refine gapped alignments... 0.02 sec
[bwa_aln_core] print alignments... 0.12 sec
[bwa_aln_core] 11534336 sequences have been processed.
[bwa_aln_core] convert to sequence coordinate... 0.01 sec
[bwa_aln_core] refine gapped alignments... 0.02 sec
[bwa_aln_core] print alignments... 0.12 sec
[bwa_aln_core] 11796480 sequences have been processed.
[bwa_aln_core] convert to sequence coordinate... 0.01 sec
[bwa_aln_core] refine gapped alignments... 0.02 sec
[bwa_aln_core] print alignments... 0.12 sec
[bwa_aln_core] 12058624 sequences have been processed.
[bwa_aln_core] convert to sequence coordinate... 0.01 sec
[bwa_aln_core] refine gapped alignments... 0.02 sec
[bwa_aln_core] print alignments... 0.12 sec
[bwa_aln_core] 12320768 sequences have been processed.
[bwa_aln_core] convert to sequence coordinate... 0.01 sec
[bwa_aln_core] refine gapped alignments... 0.02 sec
[bwa_aln_core] print alignments... 0.12 sec
[bwa_aln_core] 12582912 sequences have been processed.
[bwa_aln_core] convert to sequence coordinate... 0.01 sec
[bwa_aln_core] refine gapped alignments... 0.02 sec
[bwa_aln_core] print alignments... 0.12 sec
[bwa_aln_core] 12845056 sequences have been processed.
[bwa_aln_core] convert to sequence coordinate... 0.01 sec
[bwa_aln_core] refine gapped alignments... 0.02 sec
[bwa_aln_core] print alignments... 0.12 sec
[bwa_aln_core] 13107200 sequences have been processed.
[bwa_aln_core] convert to sequence coordinate... 0.01 sec
[bwa_aln_core] refine gapped alignments... 0.02 sec
[bwa_aln_core] print alignments... 0.12 sec
[bwa_aln_core] 13369344 sequences have been processed.
[bwa_aln_core] convert to sequence coordinate... 0.01 sec
[bwa_aln_core] refine gapped alignments... 0.02 sec
[bwa_aln_core] print alignments... 0.12 sec
[bwa_aln_core] 13631488 sequences have been processed.
[bwa_aln_core] convert to sequence coordinate... 0.01 sec
[bwa_aln_core] refine gapped alignments... 0.02 sec
[bwa_aln_core] print alignments... 0.12 sec
[bwa_aln_core] 13893632 sequences have been processed.
[bwa_aln_core] convert to sequence coordinate... 0.01 sec
[bwa_aln_core] refine gapped alignments... 0.02 sec
[bwa_aln_core] print alignments... 0.12 sec
[bwa_aln_core] 14155776 sequences have been processed.
[bwa_aln_core] convert to sequence coordinate... 0.01 sec
[bwa_aln_core] refine gapped alignments... 0.02 sec
[bwa_aln_core] print alignments... 0.12 sec
[bwa_aln_core] 14417920 sequences have been processed.
[bwa_aln_core] convert to sequence coordinate... 0.01 sec
[bwa_aln_core] refine gapped alignments... 0.02 sec
[bwa_aln_core] print alignments... 0.12 sec
[bwa_aln_core] 14680064 sequences have been processed.
[bwa_aln_core] convert to sequence coordinate... 0.01 sec
[bwa_aln_core] refine gapped alignments... 0.02 sec
[bwa_aln_core] print alignments... 0.12 sec
[bwa_aln_core] 14942208 sequences have been processed.
[bwa_aln_core] convert to sequence coordinate... 0.01 sec
[bwa_aln_core] refine gapped alignments... 0.02 sec
[bwa_aln_core] print alignments... 0.12 sec
[bwa_aln_core] 15204352 sequences have been processed.
[bwa_aln_core] convert to sequence coordinate... 0.01 sec
[bwa_aln_core] refine gapped alignments... 0.02 sec
[bwa_aln_core] print alignments... 0.12 sec
[bwa_aln_core] 15466496 sequences have been processed.
[bwa_aln_core] convert to sequence coordinate... 0.01 sec
[bwa_aln_core] refine gapped alignments... 0.02 sec
[bwa_aln_core] print alignments... 0.12 sec
[bwa_aln_core] 15728640 sequences have been processed.
[bwa_aln_core] convert to sequence coordinate... 0.01 sec
[bwa_aln_core] refine gapped alignments... 0.02 sec
[bwa_aln_core] print alignments... 0.12 sec
[bwa_aln_core] 15990784 sequences have been processed.
[bwa_aln_core] convert to sequence coordinate... 0.01 sec
[bwa_aln_core] refine gapped alignments... 0.02 sec
[bwa_aln_core] print alignments... 0.12 sec
[bwa_aln_core] 16252928 sequences have been processed.
[bwa_aln_core] convert to sequence coordinate... 0.01 sec
[bwa_aln_core] refine gapped alignments... 0.02 sec
[bwa_aln_core] print alignments... 0.12 sec
[bwa_aln_core] 16515072 sequences have been processed.
[bwa_aln_core] convert to sequence coordinate... 0.01 sec
[bwa_aln_core] refine gapped alignments... 0.02 sec
[bwa_aln_core] print alignments... 0.12 sec
[bwa_aln_core] 16777216 sequences have been processed.
[bwa_aln_core] convert to sequence coordinate... 0.01 sec
[bwa_aln_core] refine gapped alignments... 0.02 sec
[bwa_aln_core] print alignments... 0.12 sec
[bwa_aln_core] 17039360 sequences have been processed.
[bwa_aln_core] convert to sequence coordinate... 0.01 sec
[bwa_aln_core] refine gapped alignments... 0.02 sec
[bwa_aln_core] print alignments... 0.12 sec
[bwa_aln_core] 17301504 sequences have been processed.
[bwa_aln_core] convert to sequence coordinate... 0.01 sec
[bwa_aln_core] refine gapped alignments... 0.02 sec
[bwa_aln_core] print alignments... 0.12 sec
[bwa_aln_core] 17563648 sequences have been processed.
[bwa_aln_core] convert to sequence coordinate... 0.01 sec
[bwa_aln_core] refine gapped alignments... 0.02 sec
[bwa_aln_core] print alignments... 0.12 sec
[bwa_aln_core] 17825792 sequences have been processed.
[bwa_aln_core] convert to sequence coordinate... 0.01 sec
[bwa_aln_core] refine gapped alignments... 0.02 sec
[bwa_aln_core] print alignments... 0.12 sec
[bwa_aln_core] 18087936 sequences have been processed.
[bwa_aln_core] convert to sequence coordinate... 0.01 sec
[bwa_aln_core] refine gapped alignments... 0.02 sec
[bwa_aln_core] print alignments... 0.12 sec
[bwa_aln_core] 18350080 sequences have been processed.
[bwa_aln_core] convert to sequence coordinate... 0.01 sec
[bwa_aln_core] refine gapped alignments... 0.02 sec
[bwa_aln_core] print alignments... 0.12 sec
[bwa_aln_core] 18612224 sequences have been processed.
[bwa_aln_core] convert to sequence coordinate... 0.01 sec
[bwa_aln_core] refine gapped alignments... 0.02 sec
[bwa_aln_core] print alignments... 0.12 sec
[bwa_aln_core] 18874368 sequences have been processed.
[bwa_aln_core] convert to sequence coordinate... 0.01 sec
[bwa_aln_core] refine gapped alignments... 0.02 sec
[bwa_aln_core] print alignments... 0.12 sec
[bwa_aln_core] 19136512 sequences have been processed.
[bwa_aln_core] convert to sequence coordinate... 0.01 sec
[bwa_aln_core] refine gapped alignments... 0.02 sec
[bwa_aln_core] print alignments... 0.12 sec
[bwa_aln_core] 19398656 sequences have been processed.
[bwa_aln_core] convert to sequence coordinate... 0.01 sec
[bwa_aln_core] refine gapped alignments... 0.02 sec
[bwa_aln_core] print alignments... 0.12 sec
[bwa_aln_core] 19660800 sequences have been processed.
[bwa_aln_core] convert to sequence coordinate... 0.01 sec
[bwa_aln_core] refine gapped alignments... 0.02 sec
[bwa_aln_core] print alignments... 0.12 sec
[bwa_aln_core] 19922944 sequences have been processed.
[bwa_aln_core] convert to sequence coordinate... 0.01 sec
[bwa_aln_core] refine gapped alignments... 0.02 sec
[bwa_aln_core] print alignments... 0.12 sec
[bwa_aln_core] 20185088 sequences have been processed.
[bwa_aln_core] convert to sequence coordinate... 0.01 sec
[bwa_aln_core] refine gapped alignments... 0.02 sec
[bwa_aln_core] print alignments... 0.12 sec
[bwa_aln_core] 20447232 sequences have been processed.
[bwa_aln_core] convert to sequence coordinate... 0.01 sec
[bwa_aln_core] refine gapped alignments... 0.02 sec
[bwa_aln_core] print alignments... 0.12 sec
[bwa_aln_core] 20709376 sequences have been processed.
[bwa_aln_core] convert to sequence coordinate... 0.01 sec
[bwa_aln_core] refine gapped alignments... 0.02 sec
[bwa_aln_core] print alignments... 0.12 sec
[bwa_aln_core] 20971520 sequences have been processed.
[bwa_aln_core] convert to sequence coordinate... 0.01 sec
[bwa_aln_core] refine gapped alignments... 0.01 sec
[bwa_aln_core] print alignments... 0.07 sec
[bwa_aln_core] 21129336 sequences have been processed.
[main] Version: 0.7.19-r1273
[main] CMD: /usr/local/bin/bwa samse /arf/scratch/egitimg14u1/S_mutans_Analizi/S_mutans_project/data/reference/GCF_000007465.2_ASM746v2_genomic.fna /arf/scratch/egitimg14u1/S_mutans_Analizi/S_mutans_project/results/alignment/DA112.sai /arf/scratch/egitimg14u1/S_mutans_Analizi/S_mutans_project/data/DA112.fastq.gz
[main] Real time: 40.385 sec; CPU: 40.261 sec
[bam_rmdup_core] processing reference NC_004350.2...
